{"numTotalTestSuites":44,"numPassedTestSuites":44,"numFailedTestSuites":0,"numPendingTestSuites":0,"numTotalTests":143,"numPassedTests":142,"numFailedTests":0,"numPendingTests":1,"numTodoTests":0,"snapshot":{"added":0,"failure":false,"filesAdded":0,"filesRemoved":0,"filesRemovedList":[],"filesUnmatched":0,"filesUpdated":0,"matched":0,"total":0,"unchecked":0,"uncheckedKeysByFile":[],"unmatched":0,"updated":0,"didUpdate":false},"startTime":1785947654844,"success":true,"testResults":[{"assertionResults":[{"ancestorTitles":["geofence"],"fullName":"geofence measures distance on the ground, not in degrees","status":"passed","title":"measures distance on the ground, not in degrees","duration":2.8051000000000386,"failureMessages":[],"meta":{},"tags":[]},{"ancestorTitles":["geofence"],"fullName":"geofence accepts someone inside the radius and refuses someone outside it","status":"passed","title":"accepts someone inside the radius and refuses someone outside it","duration":0.4387000000001535,"failureMessages":[],"meta":{},"tags":[]},{"ancestorTitles":["geofence"],"fullName":"geofence subtracts GPS accuracy so a genuine employee at the edge is not refused by sensor noise","status":"passed","title":"subtracts GPS accuracy so a genuine employee at the edge is not refused by sensor noise","duration":0.30480000000011387,"failureMessages":[],"meta":{},"tags":[]},{"ancestorTitles":["opening hours"],"fullName":"opening hours accepts a time inside the window and refuses one outside","status":"passed","title":"accepts a time inside the window and refuses one outside","duration":0.5546999999999116,"failureMessages":[],"meta":{},"tags":[]},{"ancestorTitles":["opening hours"],"fullName":"opening hours handles a window that wraps past midnight","status":"passed","title":"handles a window that wraps past midnight","duration":0.36209999999982756,"failureMessages":[],"meta":{},"tags":[]},{"ancestorTitles":["opening hours"],"fullName":"opening hours treats an unset window as always open","status":"passed","title":"treats an unset window as always open","duration":0.18960000000015498,"failureMessages":[],"meta":{},"tags":[]},{"ancestorTitles":["opening hours"],"fullName":"opening hours reads the clock in the workspace timezone, not the server one","status":"passed","title":"reads the clock in the workspace timezone, not the server one","duration":28.56600000000003,"failureMessages":[],"meta":{},"tags":[]},{"ancestorTitles":["candidate assignments"],"fullName":"candidate assignments accepts an active assignment inside its days and hours","status":"passed","title":"accepts an active assignment inside its days and hours","duration":2.45920000000001,"failureMessages":[],"meta":{},"tags":[]},{"ancestorTitles":["candidate assignments"],"fullName":"candidate assignments refuses a revoked assignment","status":"passed","title":"refuses a revoked assignment","duration":1.204200000000128,"failureMessages":[],"meta":{},"tags":[]},{"ancestorTitles":["candidate assignments"],"fullName":"candidate assignments refuses a location still in draft","status":"passed","title":"refuses a location still in draft","duration":13.96550000000002,"failureMessages":[],"meta":{},"tags":[]},{"ancestorTitles":["candidate assignments"],"fullName":"candidate assignments refuses a day the location does not work","status":"passed","title":"refuses a day the location does not work","duration":7.208399999999983,"failureMessages":[],"meta":{},"tags":[]},{"ancestorTitles":["candidate assignments"],"fullName":"candidate assignments refuses an assignment whose window has expired","status":"passed","title":"refuses an assignment whose window has expired","duration":5.872100000000046,"failureMessages":[],"meta":{},"tags":[]},{"ancestorTitles":["candidate assignments"],"fullName":"candidate assignments honours check-in and check-out being separately disabled","status":"passed","title":"honours check-in and check-out being separately disabled","duration":11.674199999999928,"failureMessages":[],"meta":{},"tags":[]},{"ancestorTitles":["candidate assignments"],"fullName":"candidate assignments lets the assignment override the location hours","status":"passed","title":"lets the assignment override the location hours","duration":0.8759000000000015,"failureMessages":[],"meta":{},"tags":[]},{"ancestorTitles":["face templates"],"fullName":"face templates survives the round trip through stored bytes","status":"passed","title":"survives the round trip through stored bytes","duration":0.7137000000000171,"failureMessages":[],"meta":{},"tags":[]},{"ancestorTitles":["face templates"],"fullName":"face templates scores an identical vector as 1 and an orthogonal one as 0","status":"passed","title":"scores an identical vector as 1 and an orthogonal one as 0","duration":0.3507999999999356,"failureMessages":[],"meta":{},"tags":[]},{"ancestorTitles":["face templates"],"fullName":"face templates takes the best of the enrolled templates, not the first","status":"passed","title":"takes the best of the enrolled templates, not the first","duration":0.3205000000000382,"failureMessages":[],"meta":{},"tags":[]},{"ancestorTitles":["face templates"],"fullName":"face templates reports four shots of one pose as no spread","status":"passed","title":"reports four shots of one pose as no spread","duration":0.37770000000000437,"failureMessages":[],"meta":{},"tags":[]},{"ancestorTitles":["challenge-response liveness"],"fullName":"challenge-response liveness passes when the head turned the way the server asked","status":"passed","title":"passes when the head turned the way the server asked","duration":0.46220000000016626,"failureMessages":[],"meta":{},"tags":[]},{"ancestorTitles":["challenge-response liveness"],"fullName":"challenge-response liveness refuses when the head did not move far enough","status":"passed","title":"refuses when the head did not move far enough","duration":0.1714999999999236,"failureMessages":[],"meta":{},"tags":[]},{"ancestorTitles":["challenge-response liveness"],"fullName":"challenge-response liveness refuses a turn in the opposite direction to the one requested","status":"passed","title":"refuses a turn in the opposite direction to the one requested","duration":0.2035000000000764,"failureMessages":[],"meta":{},"tags":[]},{"ancestorTitles":["challenge-response liveness"],"fullName":"challenge-response liveness refuses when the face changed between frames","status":"passed","title":"refuses when the face changed between frames","duration":0.31899999999996,"failureMessages":[],"meta":{},"tags":[]},{"ancestorTitles":["challenge-response liveness"],"fullName":"challenge-response liveness passes an upward tilt for the up challenge","status":"passed","title":"passes an upward tilt for the up challenge","duration":0.15869999999995343,"failureMessages":[],"meta":{},"tags":[]},{"ancestorTitles":["challenge-response liveness"],"fullName":"challenge-response liveness surfaces the frame-level failure rather than a generic message","status":"passed","title":"surfaces the frame-level failure rather than a generic message","duration":0.15409999999997126,"failureMessages":[],"meta":{},"tags":[]},{"ancestorTitles":["challenge-response liveness"],"fullName":"challenge-response liveness needs at least a neutral frame and a moved one","status":"passed","title":"needs at least a neutral frame and a moved one","duration":0.10050000000001091,"failureMessages":[],"meta":{},"tags":[]}],"startTime":1785947656658,"endTime":1785947656740.319,"status":"passed","message":"","name":"C:/Users/admin/Downloads/Master App/master-saas/apps/web/tests/hr/attendance.spec.ts"},{"assertionResults":[{"ancestorTitles":["working days"],"fullName":"working days counts Monday to Friday as five days","status":"passed","title":"counts Monday to Friday as five days","duration":5.037599999999998,"failureMessages":[],"meta":{},"tags":[]},{"ancestorTitles":["working days"],"fullName":"working days does not consume balance for the Saturday/Sunday weekend","status":"passed","title":"does not consume balance for the Saturday/Sunday weekend","duration":0.4134999999999991,"failureMessages":[],"meta":{},"tags":[]},{"ancestorTitles":["working days"],"fullName":"working days does not consume balance for a public holiday","status":"passed","title":"does not consume balance for a public holiday","duration":0.2716000000000349,"failureMessages":[],"meta":{},"tags":[]},{"ancestorTitles":["working days"],"fullName":"working days rejects an end date before the start date","status":"passed","title":"rejects an end date before the start date","duration":1.7660999999999376,"failureMessages":[],"meta":{},"tags":[]},{"ancestorTitles":["annual leave accrual"],"fullName":"annual leave accrual earns nothing in the first six months","status":"passed","title":"earns nothing in the first six months","duration":0.48460000000000036,"failureMessages":[],"meta":{},"tags":[]},{"ancestorTitles":["annual leave accrual"],"fullName":"annual leave accrual earns two days a month between six and twelve months","status":"passed","title":"earns two days a month between six and twelve months","duration":0.22239999999999327,"failureMessages":[],"meta":{},"tags":[]},{"ancestorTitles":["annual leave accrual"],"fullName":"annual leave accrual earns 2.5 days a month after a full year, capped at thirty","status":"passed","title":"earns 2.5 days a month after a full year, capped at thirty","duration":0.24759999999992033,"failureMessages":[],"meta":{},"tags":[]},{"ancestorTitles":["end-of-service gratuity"],"fullName":"end-of-service gratuity pays nothing under one year of service","status":"passed","title":"pays nothing under one year of service","duration":0.40650000000005093,"failureMessages":[],"meta":{},"tags":[]},{"ancestorTitles":["end-of-service gratuity"],"fullName":"end-of-service gratuity pays 21 days of basic pay per year for the first five years","status":"passed","title":"pays 21 days of basic pay per year for the first five years","duration":0.38229999999998654,"failureMessages":[],"meta":{},"tags":[]},{"ancestorTitles":["end-of-service gratuity"],"fullName":"end-of-service gratuity pays 30 days a year beyond the fifth year","status":"passed","title":"pays 30 days a year beyond the fifth year","duration":0.3226000000000795,"failureMessages":[],"meta":{},"tags":[]},{"ancestorTitles":["end-of-service gratuity"],"fullName":"end-of-service gratuity caps total gratuity at two years of basic pay","status":"passed","title":"caps total gratuity at two years of basic pay","duration":0.20939999999995962,"failureMessages":[],"meta":{},"tags":[]},{"ancestorTitles":["notice pay in lieu"],"fullName":"notice pay in lieu defaults to total remuneration, not basic","status":"passed","title":"defaults to total remuneration, not basic","duration":0.2058999999999287,"failureMessages":[],"meta":{},"tags":[]},{"ancestorTitles":["notice pay in lieu"],"fullName":"notice pay in lieu uses basic pay when the contract says so","status":"passed","title":"uses basic pay when the contract says so","duration":0.12400000000002365,"failureMessages":[],"meta":{},"tags":[]},{"ancestorTitles":["notice pay in lieu"],"fullName":"notice pay in lieu charges nothing when the full notice was served","status":"passed","title":"charges nothing when the full notice was served","duration":0.10560000000009495,"failureMessages":[],"meta":{},"tags":[]},{"ancestorTitles":["document expiry severity"],"fullName":"document expiry severity escalates as the expiry date approaches","status":"passed","title":"escalates as the expiry date approaches","duration":0.30970000000002074,"failureMessages":[],"meta":{},"tags":[]}],"startTime":1785947657587,"endTime":1785947657599.3098,"status":"passed","message":"","name":"C:/Users/admin/Downloads/Master App/master-saas/apps/web/tests/hr/rules.spec.ts"},{"assertionResults":[{"ancestorTitles":["policy registry"],"fullName":"policy registry has a unique, non-empty key and help text for every parameter","status":"passed","title":"has a unique, non-empty key and help text for every parameter","duration":7.220900000000029,"failureMessages":[],"meta":{},"tags":[]},{"ancestorTitles":["policy registry"],"fullName":"policy registry gives every numeric default a value inside its own allowed range","status":"passed","title":"gives every numeric default a value inside its own allowed range","duration":1.8635999999999058,"failureMessages":[],"meta":{},"tags":[]},{"ancestorTitles":["policy registry"],"fullName":"policy registry ships UAE statutory defaults","status":"passed","title":"ships UAE statutory defaults","duration":1.3656999999998334,"failureMessages":[],"meta":{},"tags":[]},{"ancestorTitles":["resolving stored overrides"],"fullName":"resolving stored overrides returns the defaults when nothing is stored","status":"passed","title":"returns the defaults when nothing is stored","duration":0.7441999999998643,"failureMessages":[],"meta":{},"tags":[]},{"ancestorTitles":["resolving stored overrides"],"fullName":"resolving stored overrides applies only the keys that were overridden","status":"passed","title":"applies only the keys that were overridden","duration":0.5566999999998643,"failureMessages":[],"meta":{},"tags":[]},{"ancestorTitles":["resolving stored overrides"],"fullName":"resolving stored overrides falls back to the default when a stored value is out of range","status":"passed","title":"falls back to the default when a stored value is out of range","duration":0.33209999999985484,"failureMessages":[],"meta":{},"tags":[]},{"ancestorTitles":["resolving stored overrides"],"fullName":"resolving stored overrides ignores keys that are not in the registry","status":"passed","title":"ignores keys that are not in the registry","duration":0.31100000000014916,"failureMessages":[],"meta":{},"tags":[]},{"ancestorTitles":["resolving stored overrides"],"fullName":"resolving stored overrides normalises weekend days and agent departments","status":"passed","title":"normalises weekend days and agent departments","duration":0.4595999999999094,"failureMessages":[],"meta":{},"tags":[]},{"ancestorTitles":["policy actually changes the outcome"],"fullName":"policy actually changes the outcome moves the weekend, so a Friday–Saturday firm burns different days","status":"passed","title":"moves the weekend, so a Friday–Saturday firm burns different days","duration":1.7703999999998814,"failureMessages":[],"meta":{},"tags":[]},{"ancestorTitles":["policy actually changes the outcome"],"fullName":"policy actually changes the outcome changes accrual when a workspace is more generous than the statutory floor","status":"passed","title":"changes accrual when a workspace is more generous than the statutory floor","duration":0.5694999999998345,"failureMessages":[],"meta":{},"tags":[]},{"ancestorTitles":["policy actually changes the outcome"],"fullName":"policy actually changes the outcome changes gratuity when the rate or cap is edited","status":"passed","title":"changes gratuity when the rate or cap is edited","duration":0.5749999999998181,"failureMessages":[],"meta":{},"tags":[]},{"ancestorTitles":["policy actually changes the outcome"],"fullName":"policy actually changes the outcome changes how far the head must turn to satisfy a challenge","status":"passed","title":"changes how far the head must turn to satisfy a challenge","duration":0.5788000000000011,"failureMessages":[],"meta":{},"tags":[]}],"startTime":1785947658297,"endTime":1785947658314.5789,"status":"passed","message":"","name":"C:/Users/admin/Downloads/Master App/master-saas/apps/web/tests/hr/settings.spec.ts"},{"assertionResults":[{"ancestorTitles":["unified commercial SaaS acceptance scenario"],"fullName":"unified commercial SaaS acceptance scenario provisions two isolated workspaces with HRMS and Sales on one identity system","status":"passed","title":"provisions two isolated workspaces with HRMS and Sales on one identity system","duration":4821.6064,"failureMessages":[],"meta":{},"tags":[]}],"startTime":1785947656381,"endTime":1785947661202.6064,"status":"passed","message":"","name":"C:/Users/admin/Downloads/Master App/master-saas/apps/web/tests/integration/unified-saas.spec.ts"},{"assertionResults":[{"ancestorTitles":["calls and events permission catalogue"],"fullName":"calls and events permission catalogue carries every action the leads module carries","status":"passed","title":"carries every action the leads module carries","duration":414.06489999999997,"failureMessages":[],"meta":{},"tags":[]},{"ancestorTitles":["calls and events permission catalogue"],"fullName":"calls and events permission catalogue grants each role exactly what it already had on leads — never more","status":"skipped","title":"grants each role exactly what it already had on leads — never more","duration":6.871799999999894,"failureMessages":[],"meta":{},"tags":[]},{"ancestorTitles":["calls and events permission catalogue"],"fullName":"calls and events permission catalogue leaves read-only roles unable to create or edit calls","status":"passed","title":"leaves read-only roles unable to create or edit calls","duration":25.293899999999894,"failureMessages":[],"meta":{},"tags":[]}],"startTime":1785947655987,"endTime":1785947656433.294,"status":"passed","message":"","name":"C:/Users/admin/Downloads/Master App/master-saas/apps/web/tests/permission/engagement-modules.spec.ts"},{"assertionResults":[{"ancestorTitles":["visibility scopes"],"fullName":"visibility scopes OWN — a rep sees only their own leads","status":"passed","title":"OWN — a rep sees only their own leads","duration":125.0601999999999,"failureMessages":[],"meta":{},"tags":[]},{"ancestorTitles":["visibility scopes"],"fullName":"visibility scopes TEAM — a team manager sees the whole team, including descendant teams","status":"passed","title":"TEAM — a team manager sees the whole team, including descendant teams","duration":77.24129999999968,"failureMessages":[],"meta":{},"tags":[]},{"ancestorTitles":["visibility scopes"],"fullName":"visibility scopes BRANCH — a branch manager sees every team in the branch","status":"passed","title":"BRANCH — a branch manager sees every team in the branch","duration":57.8768,"failureMessages":[],"meta":{},"tags":[]},{"ancestorTitles":["visibility scopes"],"fullName":"visibility scopes REGION — a regional manager sees every branch in the region","status":"passed","title":"REGION — a regional manager sees every branch in the region","duration":65.55360000000019,"failureMessages":[],"meta":{},"tags":[]},{"ancestorTitles":["visibility scopes"],"fullName":"visibility scopes ORGANIZATION — the director sees everything in the workspace","status":"passed","title":"ORGANIZATION — the director sees everything in the workspace","duration":50.33809999999994,"failureMessages":[],"meta":{},"tags":[]},{"ancestorTitles":["write-path re-check (IDOR)"],"fullName":"write-path re-check (IDOR) a rep cannot patch a teammate lead even with a direct id","status":"passed","title":"a rep cannot patch a teammate lead even with a direct id","duration":53.63260000000082,"failureMessages":[],"meta":{},"tags":[]},{"ancestorTitles":["write-path re-check (IDOR)"],"fullName":"write-path re-check (IDOR) a rep cannot patch a lead in another branch","status":"passed","title":"a rep cannot patch a lead in another branch","duration":44.11880000000019,"failureMessages":[],"meta":{},"tags":[]},{"ancestorTitles":["write-path re-check (IDOR)"],"fullName":"write-path re-check (IDOR) a rep cannot reassign a lead to another user without ASSIGN","status":"passed","title":"a rep cannot reassign a lead to another user without ASSIGN","duration":121.1890000000003,"failureMessages":[],"meta":{},"tags":[]},{"ancestorTitles":["write-path re-check (IDOR)"],"fullName":"write-path re-check (IDOR) a manager can patch a lead inside their scope","status":"passed","title":"a manager can patch a lead inside their scope","duration":124.77869999999984,"failureMessages":[],"meta":{},"tags":[]},{"ancestorTitles":["write-path re-check (IDOR)"],"fullName":"write-path re-check (IDOR) a team manager cannot patch a lead outside their team","status":"passed","title":"a team manager cannot patch a lead outside their team","duration":53.82769999999982,"failureMessages":[],"meta":{},"tags":[]}],"startTime":1785947659749,"endTime":1785947660523.8276,"status":"passed","message":"","name":"C:/Users/admin/Downloads/Master App/master-saas/apps/web/tests/permission/scope.spec.ts"},{"assertionResults":[{"ancestorTitles":["forwarded client IP handling"],"fullName":"forwarded client IP handling ignores spoofable forwarding headers on direct requests","status":"passed","title":"ignores spoofable forwarding headers on direct requests","duration":2.7835000000000036,"failureMessages":[],"meta":{},"tags":[]},{"ancestorTitles":["forwarded client IP handling"],"fullName":"forwarded client IP handling uses the first address after a trusted proxy has overwritten the header","status":"passed","title":"uses the first address after a trusted proxy has overwritten the header","duration":1.4096999999999298,"failureMessages":[],"meta":{},"tags":[]}],"startTime":1785947659046,"endTime":1785947659050.4097,"status":"passed","message":"","name":"C:/Users/admin/Downloads/Master App/master-saas/apps/web/tests/security/client-ip.spec.ts"},{"assertionResults":[{"ancestorTitles":["consent enforcement — validation rules"],"fullName":"consent enforcement — validation rules consent body only accepts consentGiven: true (not false)","status":"passed","title":"consent body only accepts consentGiven: true (not false)","duration":30.380600000000186,"failureMessages":[],"meta":{},"tags":[]},{"ancestorTitles":["consent enforcement — validation rules"],"fullName":"consent enforcement — validation rules recording storageKey must be non-empty","status":"passed","title":"recording storageKey must be non-empty","duration":2.4385000000002037,"failureMessages":[],"meta":{},"tags":[]},{"ancestorTitles":["consent enforcement — validation rules"],"fullName":"consent enforcement — validation rules analysis correction body is strict — no extra fields","status":"passed","title":"analysis correction body is strict — no extra fields","duration":1.5274000000001706,"failureMessages":[],"meta":{},"tags":[]},{"ancestorTitles":["consent enforcement — validation rules"],"fullName":"consent enforcement — validation rules audit body requires a valid scorecardId","status":"passed","title":"audit body requires a valid scorecardId","duration":1.3297999999999774,"failureMessages":[],"meta":{},"tags":[]},{"ancestorTitles":["transient error detection"],"fullName":"transient error detection identifies 429/502/503/504 as transient","status":"passed","title":"identifies 429/502/503/504 as transient","duration":0.6440000000000055,"failureMessages":[],"meta":{},"tags":[]},{"ancestorTitles":["transient error detection"],"fullName":"transient error detection does not treat 400/401/403/404 as transient","status":"passed","title":"does not treat 400/401/403/404 as transient","duration":0.3502000000000862,"failureMessages":[],"meta":{},"tags":[]},{"ancestorTitles":["transient error detection"],"fullName":"transient error detection identifies network errors as transient","status":"passed","title":"identifies network errors as transient","duration":0.33569999999986067,"failureMessages":[],"meta":{},"tags":[]},{"ancestorTitles":["transient error detection"],"fullName":"transient error detection does not treat unknown errors as transient","status":"passed","title":"does not treat unknown errors as transient","duration":0.5514000000000578,"failureMessages":[],"meta":{},"tags":[]}],"startTime":1785947657243,"endTime":1785947657280.5515,"status":"passed","message":"","name":"C:/Users/admin/Downloads/Master App/master-saas/apps/web/tests/security/consent.spec.ts"},{"assertionResults":[{"ancestorTitles":["platform identity policy"],"fullName":"platform identity policy keeps platform ownership separate from customer roles","status":"passed","title":"keeps platform ownership separate from customer roles","duration":2.8688000000000784,"failureMessages":[],"meta":{},"tags":[]},{"ancestorTitles":["platform identity policy"],"fullName":"platform identity policy accepts only a fully active membership chain","status":"passed","title":"accepts only a fully active membership chain","duration":0.6358000000000175,"failureMessages":[],"meta":{},"tags":[]},{"ancestorTitles":["platform identity policy"],"fullName":"platform identity policy rejects soft-deleted workspaces and sales actors","status":"passed","title":"rejects soft-deleted workspaces and sales actors","duration":0.3573999999999842,"failureMessages":[],"meta":{},"tags":[]}],"startTime":1785947659323,"endTime":1785947659326.6357,"status":"passed","message":"","name":"C:/Users/admin/Downloads/Master App/master-saas/apps/web/tests/security/platform-identity.spec.ts"},{"assertionResults":[{"ancestorTitles":["telephony webhook authentication"],"fullName":"telephony webhook authentication accepts a current correctly signed raw payload","status":"passed","title":"accepts a current correctly signed raw payload","duration":4.399699999999939,"failureMessages":[],"meta":{},"tags":[]},{"ancestorTitles":["telephony webhook authentication"],"fullName":"telephony webhook authentication rejects missing, malformed and altered signatures without throwing","status":"passed","title":"rejects missing, malformed and altered signatures without throwing","duration":0.9112999999999829,"failureMessages":[],"meta":{},"tags":[]},{"ancestorTitles":["telephony webhook authentication"],"fullName":"telephony webhook authentication rejects stale signed requests to limit replay","status":"passed","title":"rejects stale signed requests to limit replay","duration":0.42610000000013315,"failureMessages":[],"meta":{},"tags":[]},{"ancestorTitles":["telephony webhook authentication"],"fullName":"telephony webhook authentication never accepts HTTP signatures through the mock provider","status":"passed","title":"never accepts HTTP signatures through the mock provider","duration":0.2540999999998803,"failureMessages":[],"meta":{},"tags":[]}],"startTime":1785947659348,"endTime":1785947659354.426,"status":"passed","message":"","name":"C:/Users/admin/Downloads/Master App/master-saas/apps/web/tests/security/telephony-signature.spec.ts"},{"assertionResults":[{"ancestorTitles":["renderCell"],"fullName":"renderCell ACCOUNT has a renderer for every catalogue column","status":"passed","title":"ACCOUNT has a renderer for every catalogue column","duration":30.230500000000006,"failureMessages":[],"meta":{},"tags":[]},{"ancestorTitles":["renderCell"],"fullName":"renderCell CONTACT has a renderer for every catalogue column","status":"passed","title":"CONTACT has a renderer for every catalogue column","duration":1.036799999999971,"failureMessages":[],"meta":{},"tags":[]},{"ancestorTitles":["renderCell"],"fullName":"renderCell OPPORTUNITY has a renderer for every catalogue column","status":"passed","title":"OPPORTUNITY has a renderer for every catalogue column","duration":6.417699999999968,"failureMessages":[],"meta":{},"tags":[]},{"ancestorTitles":["renderCell"],"fullName":"renderCell ACTIVITY has a renderer for every catalogue column","status":"passed","title":"ACTIVITY has a renderer for every catalogue column","duration":1.102100000000064,"failureMessages":[],"meta":{},"tags":[]},{"ancestorTitles":["renderCell"],"fullName":"renderCell TASK has a renderer for every catalogue column","status":"passed","title":"TASK has a renderer for every catalogue column","duration":1.0015999999999394,"failureMessages":[],"meta":{},"tags":[]},{"ancestorTitles":["renderCell"],"fullName":"renderCell CALL has a renderer for every catalogue column","status":"passed","title":"CALL has a renderer for every catalogue column","duration":0.8063000000000784,"failureMessages":[],"meta":{},"tags":[]},{"ancestorTitles":["renderCell"],"fullName":"renderCell CAMPAIGN has a renderer for every catalogue column","status":"passed","title":"CAMPAIGN has a renderer for every catalogue column","duration":0.8096000000000458,"failureMessages":[],"meta":{},"tags":[]},{"ancestorTitles":["renderCell"],"fullName":"renderCell COMMUNICATION has a renderer for every catalogue column","status":"passed","title":"COMMUNICATION has a renderer for every catalogue column","duration":0.5897999999999683,"failureMessages":[],"meta":{},"tags":[]},{"ancestorTitles":["renderCell"],"fullName":"renderCell PRODUCT has a renderer for every catalogue column","status":"passed","title":"PRODUCT has a renderer for every catalogue column","duration":0.47500000000002274,"failureMessages":[],"meta":{},"tags":[]},{"ancestorTitles":["renderCell"],"fullName":"renderCell TICKET has a renderer for every catalogue column","status":"passed","title":"TICKET has a renderer for every catalogue column","duration":0.6639999999999873,"failureMessages":[],"meta":{},"tags":[]},{"ancestorTitles":["renderCell"],"fullName":"renderCell DOCUMENT has a renderer for every catalogue column","status":"passed","title":"DOCUMENT has a renderer for every catalogue column","duration":0.6889999999999645,"failureMessages":[],"meta":{},"tags":[]},{"ancestorTitles":["renderCell"],"fullName":"renderCell FOLLOWUP has a renderer for every catalogue column","status":"passed","title":"FOLLOWUP has a renderer for every catalogue column","duration":0.43470000000002074,"failureMessages":[],"meta":{},"tags":[]},{"ancestorTitles":["renderCell"],"fullName":"renderCell FIELDVISIT has a renderer for every catalogue column","status":"passed","title":"FIELDVISIT has a renderer for every catalogue column","duration":0.5914000000000215,"failureMessages":[],"meta":{},"tags":[]},{"ancestorTitles":["renderCell"],"fullName":"renderCell ACCOUNT survives a row with nothing populated","status":"passed","title":"ACCOUNT survives a row with nothing populated","duration":2.56370000000004,"failureMessages":[],"meta":{},"tags":[]},{"ancestorTitles":["renderCell"],"fullName":"renderCell CONTACT survives a row with nothing populated","status":"passed","title":"CONTACT survives a row with nothing populated","duration":0.9488000000000056,"failureMessages":[],"meta":{},"tags":[]},{"ancestorTitles":["renderCell"],"fullName":"renderCell OPPORTUNITY survives a row with nothing populated","status":"passed","title":"OPPORTUNITY survives a row with nothing populated","duration":0.9987999999999602,"failureMessages":[],"meta":{},"tags":[]},{"ancestorTitles":["renderCell"],"fullName":"renderCell ACTIVITY survives a row with nothing populated","status":"passed","title":"ACTIVITY survives a row with nothing populated","duration":0.6884999999999764,"failureMessages":[],"meta":{},"tags":[]},{"ancestorTitles":["renderCell"],"fullName":"renderCell TASK survives a row with nothing populated","status":"passed","title":"TASK survives a row with nothing populated","duration":0.880800000000022,"failureMessages":[],"meta":{},"tags":[]},{"ancestorTitles":["renderCell"],"fullName":"renderCell CALL survives a row with nothing populated","status":"passed","title":"CALL survives a row with nothing populated","duration":0.8451000000000022,"failureMessages":[],"meta":{},"tags":[]},{"ancestorTitles":["renderCell"],"fullName":"renderCell CAMPAIGN survives a row with nothing populated","status":"passed","title":"CAMPAIGN survives a row with nothing populated","duration":0.8161000000000058,"failureMessages":[],"meta":{},"tags":[]},{"ancestorTitles":["renderCell"],"fullName":"renderCell COMMUNICATION survives a row with nothing populated","status":"passed","title":"COMMUNICATION survives a row with nothing populated","duration":0.640700000000038,"failureMessages":[],"meta":{},"tags":[]},{"ancestorTitles":["renderCell"],"fullName":"renderCell PRODUCT survives a row with nothing populated","status":"passed","title":"PRODUCT survives a row with nothing populated","duration":0.6413000000000011,"failureMessages":[],"meta":{},"tags":[]},{"ancestorTitles":["renderCell"],"fullName":"renderCell TICKET survives a row with nothing populated","status":"passed","title":"TICKET survives a row with nothing populated","duration":0.7718999999999596,"failureMessages":[],"meta":{},"tags":[]},{"ancestorTitles":["renderCell"],"fullName":"renderCell DOCUMENT survives a row with nothing populated","status":"passed","title":"DOCUMENT survives a row with nothing populated","duration":1.1088000000000875,"failureMessages":[],"meta":{},"tags":[]},{"ancestorTitles":["renderCell"],"fullName":"renderCell FOLLOWUP survives a row with nothing populated","status":"passed","title":"FOLLOWUP survives a row with nothing populated","duration":2.2217999999999165,"failureMessages":[],"meta":{},"tags":[]},{"ancestorTitles":["renderCell"],"fullName":"renderCell FIELDVISIT survives a row with nothing populated","status":"passed","title":"FIELDVISIT survives a row with nothing populated","duration":8.066299999999956,"failureMessages":[],"meta":{},"tags":[]}],"startTime":1785947655836,"endTime":1785947655903.0664,"status":"passed","message":"","name":"C:/Users/admin/Downloads/Master App/master-saas/apps/web/tests/unit/grid-cells.spec.ts"},{"assertionResults":[{"ancestorTitles":["resolveColumns"],"fullName":"resolveColumns falls back to the product default when nothing is stored","status":"passed","title":"falls back to the product default when nothing is stored","duration":4.472300000000132,"failureMessages":[],"meta":{},"tags":[]},{"ancestorTitles":["resolveColumns"],"fullName":"resolveColumns honours the stored order for optional columns","status":"passed","title":"honours the stored order for optional columns","duration":0.6622999999999593,"failureMessages":[],"meta":{},"tags":[]},{"ancestorTitles":["resolveColumns"],"fullName":"resolveColumns always leads with the fixed columns, however they were stored","status":"passed","title":"always leads with the fixed columns, however they were stored","duration":1.693599999999833,"failureMessages":[],"meta":{},"tags":[]},{"ancestorTitles":["resolveColumns"],"fullName":"resolveColumns drops keys that are no longer in the catalogue rather than rendering blanks","status":"passed","title":"drops keys that are no longer in the catalogue rather than rendering blanks","duration":0.4616000000000895,"failureMessages":[],"meta":{},"tags":[]},{"ancestorTitles":["resolveColumns"],"fullName":"resolveColumns falls back to the default when every stored key has gone stale","status":"passed","title":"falls back to the default when every stored key has gone stale","duration":0.35829999999987194,"failureMessages":[],"meta":{},"tags":[]},{"ancestorTitles":["resolveColumns"],"fullName":"resolveColumns deduplicates repeated keys","status":"passed","title":"deduplicates repeated keys","duration":0.26119999999991705,"failureMessages":[],"meta":{},"tags":[]},{"ancestorTitles":["resolveColumns"],"fullName":"resolveColumns never offers a fixed column as removable","status":"passed","title":"never offers a fixed column as removable","duration":0.5298000000000229,"failureMessages":[],"meta":{},"tags":[]},{"ancestorTitles":["storedColumnsFor"],"fullName":"storedColumnsFor reads one object out of the settings blob and tolerates junk","status":"passed","title":"reads one object out of the settings blob and tolerates junk","duration":0.5138999999999214,"failureMessages":[],"meta":{},"tags":[]}],"startTime":1785947658823,"endTime":1785947658832.514,"status":"passed","message":"","name":"C:/Users/admin/Downloads/Master App/master-saas/apps/web/tests/unit/grid-columns.spec.ts"},{"assertionResults":[{"ancestorTitles":["call tenant isolation — unit checks"],"fullName":"call tenant isolation — unit checks actors in different tenants have different tenantIds","status":"passed","title":"actors in different tenants have different tenantIds","duration":4.373899999999935,"failureMessages":[],"meta":{},"tags":[]},{"ancestorTitles":["call tenant isolation — unit checks"],"fullName":"call tenant isolation — unit checks call API Zod schemas reject invalid CUIDs","status":"passed","title":"call API Zod schemas reject invalid CUIDs","duration":26.598100000000045,"failureMessages":[],"meta":{},"tags":[]},{"ancestorTitles":["call tenant isolation — unit checks"],"fullName":"call tenant isolation — unit checks call create body rejects missing recipientNumber","status":"passed","title":"call create body rejects missing recipientNumber","duration":2.074700000000007,"failureMessages":[],"meta":{},"tags":[]},{"ancestorTitles":["call tenant isolation — unit checks"],"fullName":"call tenant isolation — unit checks consent body requires consentGiven to be true","status":"passed","title":"consent body requires consentGiven to be true","duration":1.3801999999999452,"failureMessages":[],"meta":{},"tags":[]},{"ancestorTitles":["call tenant isolation — unit checks"],"fullName":"call tenant isolation — unit checks recording body rejects negative sizeBytes","status":"passed","title":"recording body rejects negative sizeBytes","duration":2.0774999999999864,"failureMessages":[],"meta":{},"tags":[]},{"ancestorTitles":["call tenant isolation — unit checks"],"fullName":"call tenant isolation — unit checks transcript body rejects content over 500k chars","status":"passed","title":"transcript body rejects content over 500k chars","duration":1.1909999999999172,"failureMessages":[],"meta":{},"tags":[]}],"startTime":1785947657438,"endTime":1785947657475.191,"status":"passed","message":"","name":"C:/Users/admin/Downloads/Master App/master-saas/apps/web/tests/tenant/calls.spec.ts"},{"assertionResults":[{"ancestorTitles":["tenant isolation"],"fullName":"tenant isolation a list endpoint never returns another workspace records","status":"passed","title":"a list endpoint never returns another workspace records","duration":113.95850000000064,"failureMessages":[],"meta":{},"tags":[]},{"ancestorTitles":["tenant isolation"],"fullName":"tenant isolation fetching another workspace record returns 404, not 403","status":"passed","title":"fetching another workspace record returns 404, not 403","duration":62.97240000000056,"failureMessages":[],"meta":{},"tags":[]},{"ancestorTitles":["tenant isolation"],"fullName":"tenant isolation updating another workspace record returns 404 and changes nothing","status":"passed","title":"updating another workspace record returns 404 and changes nothing","duration":70.53330000000005,"failureMessages":[],"meta":{},"tags":[]},{"ancestorTitles":["tenant isolation"],"fullName":"tenant isolation deleting another workspace record returns 404 and leaves it in place","status":"passed","title":"deleting another workspace record returns 404 and leaves it in place","duration":47.65399999999954,"failureMessages":[],"meta":{},"tags":[]},{"ancestorTitles":["tenant isolation"],"fullName":"tenant isolation each workspace sees exactly its own row count","status":"passed","title":"each workspace sees exactly its own row count","duration":93.85580000000027,"failureMessages":[],"meta":{},"tags":[]},{"ancestorTitles":["tenant isolation"],"fullName":"tenant isolation an unauthenticated request is refused","status":"passed","title":"an unauthenticated request is refused","duration":1.0960999999997512,"failureMessages":[],"meta":{},"tags":[]},{"ancestorTitles":["prisma tenant guard"],"fullName":"prisma tenant guard throws when a tenant-scoped read omits tenantId","status":"passed","title":"throws when a tenant-scoped read omits tenantId","duration":1.284099999999853,"failureMessages":[],"meta":{},"tags":[]},{"ancestorTitles":["prisma tenant guard"],"fullName":"prisma tenant guard throws when a create omits tenantId","status":"passed","title":"throws when a create omits tenantId","duration":0.6748999999999796,"failureMessages":[],"meta":{},"tags":[]},{"ancestorTitles":["prisma tenant guard"],"fullName":"prisma tenant guard throws when an updateMany omits tenantId","status":"passed","title":"throws when an updateMany omits tenantId","duration":0.4539999999997235,"failureMessages":[],"meta":{},"tags":[]},{"ancestorTitles":["prisma tenant guard"],"fullName":"prisma tenant guard excludes soft-deleted rows from reads by default","status":"passed","title":"excludes soft-deleted rows from reads by default","duration":20.754100000000108,"failureMessages":[],"meta":{},"tags":[]}],"startTime":1785947660601,"endTime":1785947661014.7542,"status":"passed","message":"","name":"C:/Users/admin/Downloads/Master App/master-saas/apps/web/tests/tenant/isolation.spec.ts"},{"assertionResults":[{"ancestorTitles":["postgres row-level security"],"fullName":"postgres row-level security connects as a role that cannot bypass RLS","status":"passed","title":"connects as a role that cannot bypass RLS","duration":7.457899999999881,"failureMessages":[],"meta":{},"tags":[]},{"ancestorTitles":["postgres row-level security"],"fullName":"postgres row-level security returns nothing when no tenant context is set — the policy fails closed","status":"passed","title":"returns nothing when no tenant context is set — the policy fails closed","duration":7.202400000000125,"failureMessages":[],"meta":{},"tags":[]},{"ancestorTitles":["postgres row-level security"],"fullName":"postgres row-level security shows a workspace its own rows","status":"passed","title":"shows a workspace its own rows","duration":9.246800000000121,"failureMessages":[],"meta":{},"tags":[]},{"ancestorTitles":["postgres row-level security"],"fullName":"postgres row-level security blocks a cross-workspace read even with an explicit tenantId filter","status":"passed","title":"blocks a cross-workspace read even with an explicit tenantId filter","duration":10.858199999999897,"failureMessages":[],"meta":{},"tags":[]},{"ancestorTitles":["postgres row-level security"],"fullName":"postgres row-level security blocks Manath Homes from reading Leadersfort employees data","status":"passed","title":"blocks Manath Homes from reading Leadersfort employees data","duration":6.638200000000097,"failureMessages":[],"meta":{},"tags":[]},{"ancestorTitles":["postgres row-level security"],"fullName":"postgres row-level security blocks Leadersfort from reading Manath Homes leads","status":"passed","title":"blocks Leadersfort from reading Manath Homes leads","duration":6.3396999999999935,"failureMessages":[],"meta":{},"tags":[]},{"ancestorTitles":["postgres row-level security"],"fullName":"postgres row-level security blocks a cross-workspace update","status":"passed","title":"blocks a cross-workspace update","duration":39.23890000000006,"failureMessages":[],"meta":{},"tags":[]},{"ancestorTitles":["postgres row-level security"],"fullName":"postgres row-level security blocks a cross-workspace delete","status":"passed","title":"blocks a cross-workspace delete","duration":20.66240000000016,"failureMessages":[],"meta":{},"tags":[]},{"ancestorTitles":["postgres row-level security"],"fullName":"postgres row-level security rejects an insert that claims another workspace (WITH CHECK)","status":"passed","title":"rejects an insert that claims another workspace (WITH CHECK)","duration":8.939499999999953,"failureMessages":[],"meta":{},"tags":[]},{"ancestorTitles":["postgres row-level security"],"fullName":"postgres row-level security covers every tenant-owned table except the documented bootstrap set","status":"passed","title":"covers every tenant-owned table except the documented bootstrap set","duration":45.9532999999999,"failureMessages":[],"meta":{},"tags":[]}],"startTime":1785947656666,"endTime":1785947656828.9534,"status":"passed","message":"","name":"C:/Users/admin/Downloads/Master App/master-saas/apps/web/tests/tenant/rls.spec.ts"}]}